[2026-04-27 11:05:03] INFO     django.utils.autoreload:681 | Watching for file changes with StatReloader
[2026-04-27 11:05:25] INFO     django.utils.autoreload:681 | Watching for file changes with StatReloader
[2026-04-27 11:05:26] INFO     django.server:249 | "GET / HTTP/1.1" 200 9930
[2026-04-27 11:05:29] INFO     django.server:249 | "GET /create/ HTTP/1.1" 200 4810
[2026-04-27 11:05:30] INFO     django.server:249 | "GET /tech_knowledge/ HTTP/1.1" 200 13377
[2026-04-27 11:05:30] INFO     django.server:249 | "GET /about/ HTTP/1.1" 200 1376
[2026-04-27 11:05:31] INFO     django.server:249 | "GET /contact/ HTTP/1.1" 200 4762
[2026-04-27 11:05:31] INFO     django.server:249 | "GET /tech_knowledge/ HTTP/1.1" 200 13377
[2026-04-27 11:05:31] INFO     django.server:249 | "GET /create/ HTTP/1.1" 200 4810
[2026-04-27 11:05:32] INFO     django.server:249 | "GET / HTTP/1.1" 200 9930
[2026-04-27 11:08:29] INFO     django.server:249 | "GET /create/ HTTP/1.1" 200 4810
[2026-04-27 11:08:36] INFO     django.server:249 | "GET /create/ HTTP/1.1" 200 4810
[2026-04-27 11:08:37] INFO     django.server:249 | "GET / HTTP/1.1" 200 9930
[2026-04-27 11:24:33] INFO     django.server:249 | "GET /ticket/1/ HTTP/1.1" 200 11344
[2026-04-27 11:24:33] INFO     django.server:249 | "GET /static/TS/css/ticket_detail.css HTTP/1.1" 304 0
[2026-04-27 11:25:31] INFO     django.server:249 | "POST /ticket/1/ HTTP/1.1" 302 0
[2026-04-27 11:25:31] INFO     django.server:249 | "GET /ticket/1/ HTTP/1.1" 200 11831
[2026-04-27 11:30:04] INFO     django.server:249 | "GET /about/ HTTP/1.1" 200 1376
[2026-04-27 11:30:04] INFO     django.server:249 | "GET /tech_knowledge/ HTTP/1.1" 200 13377
[2026-04-27 11:30:46] INFO     django.server:249 | "GET / HTTP/1.1" 200 9930
[2026-04-27 11:30:48] INFO     django.server:249 | "GET /ticket/1/ HTTP/1.1" 200 11831
[2026-04-27 13:19:39] INFO     django.server:249 | "GET /ticket/1/ HTTP/1.1" 200 11932
[2026-04-27 13:19:39] INFO     django.server:249 | "GET /static/TS/css/ticket_detail.css HTTP/1.1" 304 0
[2026-04-27 13:19:42] INFO     django.server:249 | "GET / HTTP/1.1" 200 9930
[2026-04-27 13:19:43] INFO     django.server:249 | "GET /ticket/2/ HTTP/1.1" 200 11944
[2026-04-27 13:19:48] INFO     django.server:249 | "GET / HTTP/1.1" 200 9930
[2026-04-27 13:19:49] INFO     django.server:249 | "GET /ticket/3/ HTTP/1.1" 200 11905
[2026-04-27 13:19:58] INFO     django.server:249 | "GET / HTTP/1.1" 200 9930
[2026-04-27 13:19:59] INFO     django.server:249 | "GET /ticket/5/ HTTP/1.1" 200 11931
[2026-04-27 13:20:04] INFO     django.server:249 | "GET / HTTP/1.1" 200 9930
[2026-04-27 13:28:29] INFO     django.utils.autoreload:265 | C:\Users\HFGF\Desktop\HF2-Ticket-system\HF2_Ticket_system\HF2_Ticket_system\settings.py changed, reloading.
[2026-04-27 13:28:30] INFO     django.utils.autoreload:681 | Watching for file changes with StatReloader
[2026-04-27 13:28:35] INFO     django.utils.autoreload:265 | C:\Users\HFGF\Desktop\HF2-Ticket-system\HF2_Ticket_system\HF2_Ticket_system\settings.py changed, reloading.
[2026-04-27 13:28:36] INFO     django.utils.autoreload:681 | Watching for file changes with StatReloader
[2026-04-27 13:28:37] INFO     django.utils.autoreload:265 | C:\Users\HFGF\Desktop\HF2-Ticket-system\HF2_Ticket_system\HF2_Ticket_system\settings.py changed, reloading.
[2026-04-27 13:28:38] INFO     django.utils.autoreload:681 | Watching for file changes with StatReloader
[2026-04-27 13:28:42] INFO     django.utils.autoreload:265 | C:\Users\HFGF\Desktop\HF2-Ticket-system\HF2_Ticket_system\HF2_Ticket_system\settings.py changed, reloading.
[2026-04-27 13:28:42] INFO     django.utils.autoreload:681 | Watching for file changes with StatReloader
[2026-04-27 13:28:52] INFO     django.utils.autoreload:265 | C:\Users\HFGF\Desktop\HF2-Ticket-system\HF2_Ticket_system\HF2_Ticket_system\settings.py changed, reloading.
[2026-04-27 13:28:53] INFO     django.utils.autoreload:681 | Watching for file changes with StatReloader
[2026-04-27 13:29:01] INFO     django.utils.autoreload:265 | C:\Users\HFGF\Desktop\HF2-Ticket-system\HF2_Ticket_system\HF2_Ticket_system\settings.py changed, reloading.
[2026-04-27 13:29:01] INFO     django.utils.autoreload:681 | Watching for file changes with StatReloader
[2026-04-27 13:29:05] INFO     django.utils.autoreload:265 | C:\Users\HFGF\Desktop\HF2-Ticket-system\HF2_Ticket_system\HF2_Ticket_system\settings.py changed, reloading.
[2026-04-27 13:29:05] INFO     django.utils.autoreload:681 | Watching for file changes with StatReloader
[2026-04-27 13:29:13] INFO     django.utils.autoreload:265 | C:\Users\HFGF\Desktop\HF2-Ticket-system\HF2_Ticket_system\HF2_Ticket_system\settings.py changed, reloading.
[2026-04-27 13:29:13] INFO     django.utils.autoreload:681 | Watching for file changes with StatReloader
[2026-04-27 13:29:17] INFO     django.utils.autoreload:265 | C:\Users\HFGF\Desktop\HF2-Ticket-system\HF2_Ticket_system\HF2_Ticket_system\settings.py changed, reloading.
[2026-04-27 13:29:17] INFO     django.utils.autoreload:681 | Watching for file changes with StatReloader
[2026-04-27 13:29:19] INFO     django.utils.autoreload:265 | C:\Users\HFGF\Desktop\HF2-Ticket-system\HF2_Ticket_system\HF2_Ticket_system\settings.py changed, reloading.
[2026-04-27 13:29:20] INFO     django.utils.autoreload:681 | Watching for file changes with StatReloader
[2026-04-27 13:29:22] INFO     django.utils.autoreload:265 | C:\Users\HFGF\Desktop\HF2-Ticket-system\HF2_Ticket_system\HF2_Ticket_system\settings.py changed, reloading.
[2026-04-27 13:29:23] INFO     django.utils.autoreload:681 | Watching for file changes with StatReloader
[2026-04-27 13:29:27] INFO     django.utils.autoreload:265 | C:\Users\HFGF\Desktop\HF2-Ticket-system\HF2_Ticket_system\HF2_Ticket_system\settings.py changed, reloading.
[2026-04-27 13:29:28] INFO     django.utils.autoreload:681 | Watching for file changes with StatReloader
[2026-04-27 13:29:31] INFO     django.utils.autoreload:265 | C:\Users\HFGF\Desktop\HF2-Ticket-system\HF2_Ticket_system\HF2_Ticket_system\settings.py changed, reloading.
[2026-04-27 13:29:32] INFO     django.utils.autoreload:681 | Watching for file changes with StatReloader
[2026-04-27 14:32:20] INFO     django.server:249 | "GET /create/ HTTP/1.1" 200 4810
[2026-04-27 14:32:20] INFO     django.server:249 | "GET /tech_knowledge/ HTTP/1.1" 200 13377
[2026-04-27 14:32:21] INFO     django.server:249 | "GET /contact/ HTTP/1.1" 200 4762
[2026-04-27 14:32:22] INFO     django.server:249 | "GET /about/ HTTP/1.1" 200 1376
[2026-04-27 14:32:22] INFO     django.server:249 | "GET /tech_knowledge/ HTTP/1.1" 200 13377
[2026-04-27 14:32:23] INFO     django.server:249 | "GET /create/ HTTP/1.1" 200 4810
[2026-04-27 14:32:23] INFO     django.server:249 | "GET / HTTP/1.1" 200 9930
[2026-04-27 14:32:23] INFO     django.server:249 | "GET / HTTP/1.1" 200 9930
[2026-04-27 14:36:36] INFO     django.utils.autoreload:681 | Watching for file changes with StatReloader
[2026-04-28 10:21:42] INFO     django.utils.autoreload:681 | Watching for file changes with StatReloader
[2026-04-28 10:21:44] INFO     django.server:249 | "GET /create/ HTTP/1.1" 200 4810
[2026-04-28 10:21:46] INFO     django.server:249 | "GET / HTTP/1.1" 200 9929
[2026-04-28 10:21:47] INFO     django.server:249 | "GET /create/ HTTP/1.1" 200 4810
[2026-04-28 10:21:47] INFO     django.server:249 | "GET /about/ HTTP/1.1" 200 1376
[2026-04-28 10:21:47] INFO     django.server:249 | "GET /static/TS/css/about.css HTTP/1.1" 304 0
[2026-04-28 10:21:50] INFO     django.server:249 | "GET /contact/ HTTP/1.1" 200 4762
[2026-04-28 11:06:50] INFO     django.utils.autoreload:681 | Watching for file changes with StatReloader
[2026-04-28 11:06:53] INFO     django.server:249 | "GET / HTTP/1.1" 200 9929
[2026-04-28 11:07:06] INFO     django.server:249 | "GET /ticket/1/ HTTP/1.1" 200 11932
[2026-04-28 11:07:06] INFO     django.server:249 | "GET /static/TS/css/ticket_detail.css HTTP/1.1" 304 0
[2026-04-28 11:07:29] INFO     django.server:249 | "GET / HTTP/1.1" 200 9929
[2026-04-28 11:07:47] INFO     TS:88 | Role toggled: supporter -> user
[2026-04-28 11:07:47] INFO     django.server:249 | "POST /toggle-role/ HTTP/1.1" 302 0
[2026-04-28 11:07:47] INFO     django.server:249 | "GET / HTTP/1.1" 200 5527
[2026-04-28 11:07:49] INFO     TS:97 | Active user set to user_id=1
[2026-04-28 11:07:49] INFO     django.server:249 | "POST /set-current-user/ HTTP/1.1" 302 0
[2026-04-28 11:07:49] INFO     django.server:249 | "GET / HTTP/1.1" 200 5508
[2026-04-28 11:07:50] INFO     TS:97 | Active user set to user_id=3
[2026-04-28 11:07:50] INFO     django.server:249 | "POST /set-current-user/ HTTP/1.1" 302 0
[2026-04-28 11:07:51] INFO     django.server:249 | "GET / HTTP/1.1" 200 5527
[2026-04-28 11:07:53] INFO     TS:97 | Active user set to user_id=5
[2026-04-28 11:07:53] INFO     django.server:249 | "POST /set-current-user/ HTTP/1.1" 302 0
[2026-04-28 11:07:53] INFO     django.server:249 | "GET / HTTP/1.1" 200 5494
[2026-04-28 11:08:03] INFO     TS:88 | Role toggled: user -> supporter
[2026-04-28 11:08:03] INFO     django.server:249 | "POST /toggle-role/ HTTP/1.1" 302 0
[2026-04-28 11:08:03] INFO     django.server:249 | "GET / HTTP/1.1" 200 9929
[2026-04-28 11:08:19] INFO     django.server:249 | "GET /create/ HTTP/1.1" 200 4810
[2026-04-28 11:08:20] INFO     django.server:249 | "GET / HTTP/1.1" 200 9929
[2026-04-28 11:08:21] INFO     django.server:249 | "GET /create/ HTTP/1.1" 200 4810
[2026-04-28 11:08:24] INFO     django.server:249 | "GET /tech_knowledge/ HTTP/1.1" 200 13377
[2026-04-28 12:15:27] INFO     django.server:249 | "GET /about/ HTTP/1.1" 200 1376
[2026-04-28 12:15:33] INFO     django.server:249 | "GET /contact/ HTTP/1.1" 200 4762
[2026-04-28 12:15:33] INFO     django.server:249 | "GET /tech_knowledge/ HTTP/1.1" 200 13377
[2026-04-28 12:15:34] INFO     django.server:249 | "GET /create/ HTTP/1.1" 200 4810
[2026-04-28 12:15:34] INFO     django.server:249 | "GET / HTTP/1.1" 200 9929
[2026-04-28 12:18:58] INFO     TS:88 | Role toggled: supporter -> user
[2026-04-28 12:18:58] INFO     django.server:249 | "POST /toggle-role/ HTTP/1.1" 302 0
[2026-04-28 12:18:59] INFO     django.server:249 | "GET / HTTP/1.1" 200 5494
[2026-04-28 12:19:10] INFO     django.server:249 | "GET /create/ HTTP/1.1" 200 4730
[2026-04-28 12:19:11] INFO     django.server:249 | "GET /about/ HTTP/1.1" 200 1304
[2026-04-28 12:19:11] INFO     django.server:249 | "GET /contact/ HTTP/1.1" 200 4690
[2026-04-28 12:19:12] INFO     django.server:249 | "GET /create/ HTTP/1.1" 200 4730
[2026-04-28 12:19:12] INFO     django.server:249 | "GET / HTTP/1.1" 200 5494
[2026-04-28 12:19:26] INFO     TS:97 | Active user set to user_id=2
[2026-04-28 12:19:26] INFO     django.server:249 | "POST /set-current-user/ HTTP/1.1" 302 0
[2026-04-28 12:19:26] INFO     django.server:249 | "GET / HTTP/1.1" 200 5544
[2026-04-28 12:19:29] INFO     django.server:249 | "GET /ticket/2/ HTTP/1.1" 200 7234
[2026-04-28 12:19:35] INFO     TS:88 | Role toggled: user -> supporter
[2026-04-28 12:19:35] INFO     django.server:249 | "POST /toggle-role/ HTTP/1.1" 302 0
[2026-04-28 12:19:35] INFO     django.server:249 | "GET / HTTP/1.1" 200 9929
[2026-04-28 12:19:37] INFO     django.server:249 | "GET /ticket/1/ HTTP/1.1" 200 11932
[2026-04-28 12:28:05] INFO     django.server:249 | "GET / HTTP/1.1" 200 9929
[2026-05-01 09:39:26] INFO     django.utils.autoreload:681 | Watching for file changes with StatReloader
[2026-05-01 09:39:28] INFO     django.server:249 | "GET / HTTP/1.1" 200 9929
[2026-05-01 09:39:28] INFO     django.server:249 | "GET /static/TS/css/role_toggle.css HTTP/1.1" 200 1369
[2026-05-01 09:39:28] INFO     django.server:249 | "GET /static/TS/css/home.css HTTP/1.1" 200 7016
[2026-05-01 09:39:28] WARNING  django.server:249 | "GET /favicon.ico HTTP/1.1" 404 5202
[2026-05-01 09:40:33] INFO     django.server:249 | "GET /ticket/2/ HTTP/1.1" 200 12864
[2026-05-01 09:40:34] INFO     django.server:249 | "GET /static/TS/css/ticket_detail.css HTTP/1.1" 200 9226
[2026-05-01 09:41:18] INFO     django.server:249 | "GET / HTTP/1.1" 200 9929
[2026-05-01 09:41:20] INFO     django.server:249 | "GET /create/ HTTP/1.1" 200 4810
[2026-05-01 09:41:20] INFO     django.server:249 | "GET /static/TS/css/create_ticket.css HTTP/1.1" 200 3253
[2026-05-01 09:41:39] INFO     django.server:249 | "GET /tech_knowledge/ HTTP/1.1" 200 13377
[2026-05-01 09:41:39] INFO     django.server:249 | "GET /static/TS/css/tech_knowledge.css HTTP/1.1" 200 7535
[2026-05-01 09:42:04] INFO     django.server:249 | "GET /about/ HTTP/1.1" 200 2926
[2026-05-01 09:42:04] INFO     django.server:249 | "GET /static/TS/css/about.css HTTP/1.1" 200 1793
[2026-05-01 09:42:07] INFO     django.server:249 | "GET /static/TS/pdf/Brugervejledning%20af%20TS%20(Ticket%20System).pdf HTTP/1.1" 200 845120
[2026-05-01 09:42:20] INFO     django.server:249 | "GET /contact/ HTTP/1.1" 200 5470
[2026-05-01 09:42:20] INFO     django.server:249 | "GET /static/TS/css/contact.css HTTP/1.1" 200 3452
[2026-05-01 09:42:32] INFO     django.server:249 | "GET / HTTP/1.1" 200 9929
[2026-05-01 09:42:33] INFO     TS:88 | Role toggled: supporter -> user
[2026-05-01 09:42:33] ERROR    django.server:249 | "POST /toggle-role/ HTTP/1.1" 500 154947
[2026-05-01 09:44:46] INFO     django.utils.autoreload:681 | Watching for file changes with StatReloader
[2026-05-01 09:44:49] INFO     django.server:249 | "GET / HTTP/1.1" 200 9929
[2026-05-01 09:44:51] INFO     TS:88 | Role toggled: supporter -> user
[2026-05-01 09:44:51] ERROR    django.server:249 | "POST /toggle-role/ HTTP/1.1" 500 154947
[2026-05-01 09:44:55] INFO     TS:88 | Role toggled: supporter -> user
[2026-05-01 09:44:55] ERROR    django.server:249 | "POST /toggle-role/ HTTP/1.1" 500 155075
[2026-05-01 09:44:55] WARNING  django.server:249 | "GET /favicon.ico HTTP/1.1" 404 5202
[2026-05-01 09:47:27] INFO     django.utils.autoreload:681 | Watching for file changes with StatReloader
[2026-05-01 09:48:52] INFO     django.utils.autoreload:681 | Watching for file changes with StatReloader
[2026-05-01 09:48:54] INFO     django.server:249 | "GET / HTTP/1.1" 200 9929
[2026-05-01 09:48:54] INFO     django.server:249 | "GET /static/TS/css/home.css HTTP/1.1" 304 0
[2026-05-01 09:48:54] INFO     django.server:249 | "GET /static/TS/css/role_toggle.css HTTP/1.1" 304 0
[2026-05-01 09:48:56] INFO     TS:88 | Role toggled: supporter -> user
[2026-05-01 09:48:56] INFO     django.server:249 | "POST /toggle-role/ HTTP/1.1" 302 0
[2026-05-01 09:48:56] WARNING  TS:60 | Home view: user role active but no current_user_id in session
[2026-05-01 09:48:56] INFO     django.server:249 | "GET / HTTP/1.1" 200 3173
[2026-05-01 09:48:59] INFO     TS:97 | Active user set to user_id=1
[2026-05-01 09:48:59] INFO     django.server:249 | "POST /set-current-user/ HTTP/1.1" 302 0
[2026-05-01 09:48:59] INFO     django.server:249 | "GET / HTTP/1.1" 200 5508
[2026-05-01 09:49:15] INFO     django.server:249 | "GET /ticket/1/ HTTP/1.1" 200 7659
[2026-05-01 09:49:15] INFO     django.server:249 | "GET /static/TS/css/ticket_detail.css HTTP/1.1" 304 0
[2026-05-01 09:49:29] INFO     django.server:249 | "GET /about/ HTTP/1.1" 200 2854
[2026-05-01 09:49:30] INFO     django.server:249 | "GET /contact/ HTTP/1.1" 200 5398
[2026-05-01 09:49:31] INFO     django.server:249 | "GET /create/ HTTP/1.1" 200 4730
[2026-05-01 09:49:31] INFO     django.server:249 | "GET / HTTP/1.1" 200 5508
[2026-05-01 09:49:45] INFO     django.server:249 | "GET /create/ HTTP/1.1" 200 4730
[2026-05-01 09:49:56] INFO     django.server:249 | "POST /create/ HTTP/1.1" 200 4809
[2026-05-01 09:49:59] INFO     django.server:249 | "GET / HTTP/1.1" 200 5508
[2026-05-01 09:50:01] INFO     TS:97 | Active user set to user_id=2
[2026-05-01 09:50:01] INFO     django.server:249 | "POST /set-current-user/ HTTP/1.1" 302 0
[2026-05-01 09:50:01] INFO     django.server:249 | "GET / HTTP/1.1" 200 6009
[2026-05-01 09:50:04] INFO     django.server:249 | "GET /ticket/11/ HTTP/1.1" 200 6218
[2026-05-01 09:50:07] INFO     django.server:249 | "POST /ticket/11/delete/ HTTP/1.1" 302 0
[2026-05-01 09:50:07] INFO     django.server:249 | "GET / HTTP/1.1" 200 5544
[2026-05-01 10:03:57] INFO     django.utils.autoreload:681 | Watching for file changes with StatReloader
[2026-05-01 10:04:11] INFO     django.server:249 | "GET / HTTP/1.1" 200 5544
[2026-05-01 10:04:11] INFO     django.server:249 | "GET /static/TS/css/home.css HTTP/1.1" 304 0
[2026-05-01 10:04:11] INFO     django.server:249 | "GET /static/TS/css/role_toggle.css HTTP/1.1" 304 0
[2026-05-01 10:04:15] INFO     TS:88 | Role toggled: user -> supporter
[2026-05-01 10:04:15] INFO     django.server:249 | "POST /toggle-role/ HTTP/1.1" 302 0
[2026-05-01 10:04:15] INFO     django.server:249 | "GET / HTTP/1.1" 200 9929
[2026-05-01 10:04:56] INFO     django.server:249 | "GET /ticket/1/ HTTP/1.1" 200 12850
[2026-05-01 10:04:56] INFO     django.server:249 | "GET /static/TS/css/ticket_detail.css HTTP/1.1" 304 0
[2026-05-01 10:08:09] INFO     django.server:249 | "GET / HTTP/1.1" 200 9929
[2026-05-01 10:08:49] INFO     django.server:249 | "GET /create/ HTTP/1.1" 200 4810
[2026-05-01 10:08:49] INFO     django.server:249 | "GET /static/TS/css/create_ticket.css HTTP/1.1" 304 0
[2026-05-01 10:10:20] INFO     django.server:249 | "POST /create/ HTTP/1.1" 200 4889
[2026-05-01 10:10:21] INFO     django.server:249 | "GET / HTTP/1.1" 200 9929
[2026-05-01 10:10:24] INFO     django.server:249 | "GET /ticket/10/ HTTP/1.1" 200 12539
[2026-05-01 10:10:55] INFO     django.server:249 | "GET / HTTP/1.1" 200 9929
[2026-05-01 10:12:35] INFO     django.server:249 | "GET /tech_knowledge/ HTTP/1.1" 200 13377
[2026-05-01 10:12:35] INFO     django.server:249 | "GET /static/TS/css/tech_knowledge.css HTTP/1.1" 304 0
[2026-05-01 10:12:58] INFO     TS:88 | Role toggled: supporter -> user
[2026-05-01 10:12:58] INFO     django.server:249 | "POST /toggle-role/ HTTP/1.1" 302 0
[2026-05-01 10:12:58] INFO     django.server:249 | "GET / HTTP/1.1" 200 5544
[2026-05-01 10:13:01] INFO     TS:88 | Role toggled: user -> supporter
[2026-05-01 10:13:01] INFO     django.server:249 | "POST /toggle-role/ HTTP/1.1" 302 0
[2026-05-01 10:13:01] INFO     django.server:249 | "GET / HTTP/1.1" 200 9929
[2026-05-01 10:13:02] INFO     django.server:249 | "GET /tech_knowledge/ HTTP/1.1" 200 13377
[2026-05-01 10:13:05] INFO     django.server:249 | "GET /tech_knowledge/?q=how HTTP/1.1" 200 7694
[2026-05-01 10:13:07] INFO     django.server:249 | "GET /tech_knowledge/ HTTP/1.1" 200 13377
[2026-05-01 10:14:16] INFO     django.server:249 | "GET /about/ HTTP/1.1" 200 2926
[2026-05-01 10:14:17] INFO     django.server:249 | "GET /static/TS/css/about.css HTTP/1.1" 304 0
[2026-05-01 10:14:19] INFO     django.server:249 | "GET /static/TS/pdf/Brugervejledning%20af%20TS%20(Ticket%20System).pdf HTTP/1.1" 304 0
[2026-05-01 10:14:29] INFO     django.server:249 | "GET /contact/ HTTP/1.1" 200 5470
[2026-05-01 10:14:29] INFO     django.server:249 | "GET /static/TS/css/contact.css HTTP/1.1" 304 0
[2026-05-01 10:40:09] INFO     django.server:249 | "GET / HTTP/1.1" 200 9929
[2026-05-01 10:40:09] INFO     django.server:249 | "GET /static/TS/css/home.css HTTP/1.1" 304 0
[2026-05-01 10:40:09] INFO     django.server:249 | "GET /static/TS/css/role_toggle.css HTTP/1.1" 304 0
[2026-05-01 10:40:45] INFO     TS:88 | Role toggled: supporter -> user
[2026-05-01 10:40:45] INFO     django.server:249 | "POST /toggle-role/ HTTP/1.1" 302 0
[2026-05-01 10:40:45] INFO     django.server:249 | "GET / HTTP/1.1" 200 5544
[2026-05-01 10:40:47] INFO     TS:97 | Active user set to user_id=3
[2026-05-01 10:40:47] INFO     django.server:249 | "POST /set-current-user/ HTTP/1.1" 302 0
[2026-05-01 10:40:47] INFO     django.server:249 | "GET / HTTP/1.1" 200 5527
[2026-05-01 10:41:13] INFO     TS:88 | Role toggled: user -> supporter
[2026-05-01 10:41:13] INFO     django.server:249 | "POST /toggle-role/ HTTP/1.1" 302 0
[2026-05-01 10:41:13] INFO     django.server:249 | "GET / HTTP/1.1" 200 9929
[2026-05-01 10:42:49] INFO     django.server:249 | "GET /ticket/1/ HTTP/1.1" 200 12850
[2026-05-01 10:42:49] INFO     django.server:249 | "GET /static/TS/css/ticket_detail.css HTTP/1.1" 304 0
[2026-05-01 10:51:28] INFO     django.server:249 | "GET /create/ HTTP/1.1" 200 4810
[2026-05-01 10:51:28] INFO     django.server:249 | "GET /static/TS/css/create_ticket.css HTTP/1.1" 304 0
[2026-05-01 10:51:30] INFO     django.server:249 | "GET / HTTP/1.1" 200 9929
[2026-05-01 10:51:30] INFO     django.server:249 | "GET /create/ HTTP/1.1" 200 4810
[2026-05-01 10:51:54] INFO     django.server:249 | "GET /tech_knowledge/ HTTP/1.1" 200 13377
[2026-05-01 10:51:54] INFO     django.server:249 | "GET /static/TS/css/tech_knowledge.css HTTP/1.1" 304 0
[2026-05-01 10:52:09] INFO     django.server:249 | "GET /tech_knowledge/?q=fixing HTTP/1.1" 200 7697
[2026-05-01 10:52:11] INFO     django.server:249 | "GET /tech_knowledge/ HTTP/1.1" 200 13377
[2026-05-01 10:52:49] INFO     django.server:249 | "GET /about/ HTTP/1.1" 200 2926
[2026-05-01 10:52:49] INFO     django.server:249 | "GET /static/TS/css/about.css HTTP/1.1" 304 0
[2026-05-01 10:52:50] INFO     django.server:249 | "GET /static/TS/pdf/Brugervejledning%20af%20TS%20(Ticket%20System).pdf HTTP/1.1" 304 0
[2026-05-01 10:52:59] INFO     django.server:249 | "GET /contact/ HTTP/1.1" 200 5470
[2026-05-01 10:52:59] INFO     django.server:249 | "GET /static/TS/css/contact.css HTTP/1.1" 304 0
[2026-05-01 10:53:12] INFO     TS:88 | Role toggled: supporter -> user
[2026-05-01 10:53:12] INFO     django.server:249 | "POST /toggle-role/ HTTP/1.1" 302 0
[2026-05-01 10:53:12] INFO     django.server:249 | "GET / HTTP/1.1" 200 5527
[2026-05-01 10:53:17] INFO     TS:97 | Active user set to user_id=2
[2026-05-01 10:53:17] INFO     django.server:249 | "POST /set-current-user/ HTTP/1.1" 302 0
[2026-05-01 10:53:17] INFO     django.server:249 | "GET / HTTP/1.1" 200 5544
[2026-05-01 10:53:18] INFO     django.server:249 | "GET /ticket/2/ HTTP/1.1" 200 7663
[2026-05-01 10:53:33] INFO     django.server:249 | "GET / HTTP/1.1" 200 5544
[2026-05-01 10:53:45] INFO     TS:88 | Role toggled: user -> supporter
[2026-05-01 10:53:45] INFO     django.server:249 | "POST /toggle-role/ HTTP/1.1" 302 0
[2026-05-01 10:53:45] INFO     django.server:249 | "GET / HTTP/1.1" 200 9929
[2026-05-01 11:09:51] INFO     django.server:249 | "GET / HTTP/1.1" 200 9929
[2026-05-01 11:09:51] INFO     django.server:249 | "GET /static/TS/css/role_toggle.css HTTP/1.1" 200 1369
[2026-05-01 11:09:51] INFO     django.server:249 | "GET /static/TS/css/home.css HTTP/1.1" 200 7016
[2026-05-01 11:09:52] WARNING  django.server:249 | "GET /favicon.ico HTTP/1.1" 404 5202
[2026-05-01 11:09:54] INFO     TS:88 | Role toggled: supporter -> user
[2026-05-01 11:09:54] INFO     django.server:249 | "POST /toggle-role/ HTTP/1.1" 302 0
[2026-05-01 11:09:54] INFO     django.server:249 | "GET / HTTP/1.1" 200 5544
[2026-05-01 11:09:55] INFO     TS:97 | Active user set to user_id=3
[2026-05-01 11:09:55] INFO     django.server:249 | "POST /set-current-user/ HTTP/1.1" 302 0
[2026-05-01 11:09:55] INFO     django.server:249 | "GET / HTTP/1.1" 200 5527
[2026-05-01 11:09:57] INFO     TS:97 | Active user set to user_id=2
[2026-05-01 11:09:57] INFO     django.server:249 | "POST /set-current-user/ HTTP/1.1" 302 0
[2026-05-01 11:09:57] INFO     django.server:249 | "GET / HTTP/1.1" 200 5544
[2026-05-01 11:09:58] INFO     TS:97 | Active user set to user_id=1
[2026-05-01 11:09:58] INFO     django.server:249 | "POST /set-current-user/ HTTP/1.1" 302 0
[2026-05-01 11:09:58] INFO     django.server:249 | "GET / HTTP/1.1" 200 5508
[2026-05-01 11:09:59] INFO     TS:97 | Active user set to user_id=5
[2026-05-01 11:09:59] INFO     django.server:249 | "POST /set-current-user/ HTTP/1.1" 302 0
[2026-05-01 11:09:59] INFO     django.server:249 | "GET / HTTP/1.1" 200 5494
[2026-05-01 11:10:01] INFO     TS:97 | Active user set to user_id=4
[2026-05-01 11:10:01] INFO     django.server:249 | "POST /set-current-user/ HTTP/1.1" 302 0
[2026-05-01 11:10:01] INFO     django.server:249 | "GET / HTTP/1.1" 200 5984
[2026-05-01 11:10:03] INFO     django.server:249 | "GET /ticket/12/ HTTP/1.1" 200 6216
[2026-05-01 11:10:03] INFO     django.server:249 | "GET /static/TS/css/ticket_detail.css HTTP/1.1" 304 0
[2026-05-01 11:10:09] INFO     django.server:249 | "POST /ticket/12/delete/ HTTP/1.1" 302 0
[2026-05-01 11:10:09] INFO     django.server:249 | "GET / HTTP/1.1" 200 5527
[2026-05-01 11:10:12] INFO     TS:88 | Role toggled: user -> supporter
[2026-05-01 11:10:12] INFO     django.server:249 | "POST /toggle-role/ HTTP/1.1" 302 0
[2026-05-01 11:10:12] INFO     django.server:249 | "GET / HTTP/1.1" 200 9929
[2026-05-01 11:10:13] INFO     django.server:249 | "GET /create/ HTTP/1.1" 200 4810
[2026-05-01 11:10:13] INFO     django.server:249 | "GET /static/TS/css/create_ticket.css HTTP/1.1" 304 0
[2026-05-01 11:10:24] INFO     django.server:249 | "POST /create/ HTTP/1.1" 200 4889
[2026-05-01 11:10:26] INFO     django.server:249 | "GET / HTTP/1.1" 200 9929
[2026-05-01 11:41:22] INFO     TS:88 | Role toggled: supporter -> user
[2026-05-01 11:41:22] INFO     django.server:249 | "POST /toggle-role/ HTTP/1.1" 302 0
[2026-05-01 11:41:22] INFO     django.server:249 | "GET / HTTP/1.1" 200 5527
[2026-05-01 11:41:22] INFO     django.server:249 | "GET /static/TS/css/home.css HTTP/1.1" 304 0
[2026-05-01 11:41:22] INFO     django.server:249 | "GET /static/TS/css/role_toggle.css HTTP/1.1" 304 0
[2026-05-01 11:41:23] INFO     TS:97 | Active user set to user_id=1
[2026-05-01 11:41:23] INFO     django.server:249 | "POST /set-current-user/ HTTP/1.1" 302 0
[2026-05-01 11:41:23] INFO     django.server:249 | "GET / HTTP/1.1" 200 5973
[2026-05-01 11:41:59] INFO     django.server:249 | "GET / HTTP/1.1" 200 5973
[2026-05-01 11:41:59] INFO     TS:88 | Role toggled: user -> supporter
[2026-05-01 11:41:59] INFO     django.server:249 | "POST /toggle-role/ HTTP/1.1" 302 0
[2026-05-01 11:41:59] INFO     django.server:249 | "GET / HTTP/1.1" 200 9929
[2026-05-01 11:42:40] INFO     django.utils.autoreload:265 | C:\Users\mero\Desktop\Programmering\VSC\HF2-Ticket-system\HF2_Ticket_system\TS\views.py changed, reloading.
[2026-05-01 11:42:42] INFO     django.utils.autoreload:681 | Watching for file changes with StatReloader
[2026-05-01 11:42:43] INFO     django.server:249 | "GET / HTTP/1.1" 200 10394
[2026-05-01 11:42:44] INFO     django.server:249 | "GET /static/TS/css/role_toggle.css HTTP/1.1" 200 1369
[2026-05-01 11:42:44] INFO     django.server:249 | "GET /static/TS/css/home.css HTTP/1.1" 200 7016
[2026-05-01 11:42:44] WARNING  django.server:249 | "GET /favicon.ico HTTP/1.1" 404 5202
[2026-05-01 11:42:59] INFO     django.server:249 | "GET /ticket/13/ HTTP/1.1" 200 11407
[2026-05-01 11:42:59] INFO     django.server:249 | "GET /static/TS/css/ticket_detail.css HTTP/1.1" 304 0
[2026-05-01 11:43:01] INFO     django.server:249 | "POST /ticket/13/delete/ HTTP/1.1" 302 0
[2026-05-01 11:43:01] INFO     django.server:249 | "GET / HTTP/1.1" 200 9929
[2026-05-01 11:43:02] INFO     django.server:249 | "GET / HTTP/1.1" 200 9929
[2026-05-01 11:43:02] INFO     django.server:249 | "GET /static/TS/css/home.css HTTP/1.1" 200 7016
[2026-05-01 11:43:02] INFO     django.server:249 | "GET /static/TS/css/role_toggle.css HTTP/1.1" 200 1369
[2026-05-01 11:43:02] WARNING  django.server:249 | "GET /favicon.ico HTTP/1.1" 404 5202
[2026-05-01 11:44:21] INFO     django.server:249 | "GET /create/ HTTP/1.1" 200 4810
[2026-05-01 11:44:21] INFO     django.server:249 | "GET /static/TS/css/create_ticket.css HTTP/1.1" 200 3549
[2026-05-01 11:50:04] INFO     django.utils.autoreload:681 | Watching for file changes with StatReloader
[2026-05-01 11:50:05] INFO     django.server:249 | "GET / HTTP/1.1" 200 10856
[2026-05-01 11:50:08] INFO     django.server:249 | "GET / HTTP/1.1" 200 10856
[2026-05-01 11:50:09] INFO     django.server:249 | "GET /static/TS/css/role_toggle.css HTTP/1.1" 200 1369
[2026-05-01 11:50:09] INFO     django.server:249 | "GET /static/TS/css/home.css HTTP/1.1" 200 7016
[2026-05-01 11:50:09] WARNING  django.server:249 | "GET /favicon.ico HTTP/1.1" 404 5202
[2026-05-01 11:50:10] INFO     django.server:249 | "GET / HTTP/1.1" 200 10856
[2026-05-01 11:50:10] INFO     django.server:249 | "GET /static/TS/css/role_toggle.css HTTP/1.1" 200 1369
[2026-05-01 11:50:10] INFO     django.server:249 | "GET /static/TS/css/home.css HTTP/1.1" 200 7016
[2026-05-01 11:50:10] WARNING  django.server:249 | "GET /favicon.ico HTTP/1.1" 404 5202
[2026-05-01 11:50:17] INFO     django.server:249 | "GET /?supporter_id=2 HTTP/1.1" 200 7074
[2026-05-01 11:50:19] INFO     django.server:249 | "GET /?supporter_id=1 HTTP/1.1" 200 7061
[2026-05-01 11:50:20] INFO     django.server:249 | "GET /?supporter_id=5 HTTP/1.1" 200 6583
[2026-05-01 11:50:22] INFO     django.server:249 | "GET /?supporter_id=4 HTTP/1.1" 200 7071
[2026-05-01 11:50:24] INFO     django.server:249 | "GET /?supporter_id=2 HTTP/1.1" 200 7074
[2026-05-01 11:50:30] INFO     django.server:249 | "GET /?supporter_id=1 HTTP/1.1" 200 7061
[2026-05-01 11:50:31] INFO     django.server:249 | "GET /?supporter_id= HTTP/1.1" 200 10856
[2026-05-01 11:52:19] INFO     django.server:249 | "GET /create/ HTTP/1.1" 200 4810
[2026-05-01 11:52:19] INFO     django.server:249 | "GET /static/TS/css/create_ticket.css HTTP/1.1" 304 0
[2026-05-01 11:52:23] INFO     django.server:249 | "GET / HTTP/1.1" 200 10856
[2026-05-01 11:52:25] INFO     django.server:249 | "GET /create/ HTTP/1.1" 200 4810
[2026-05-01 11:52:30] INFO     django.server:249 | "GET / HTTP/1.1" 200 10856
[2026-05-01 11:52:31] INFO     django.server:249 | "GET /ticket/4/ HTTP/1.1" 200 13012
[2026-05-01 11:53:44] INFO     django.utils.autoreload:681 | Watching for file changes with StatReloader
[2026-05-01 11:53:49] INFO     django.server:249 | "GET /ticket/4/ HTTP/1.1" 200 13012
[2026-05-01 11:53:54] INFO     django.server:249 | "GET / HTTP/1.1" 200 10856
[2026-05-01 11:54:04] INFO     django.server:249 | "GET /ticket/7/ HTTP/1.1" 200 12988
[2026-05-01 11:56:00] INFO     django.utils.autoreload:265 | C:\Users\mero\Desktop\Programmering\VSC\HF2-Ticket-system\HF2_Ticket_system\TS\views.py changed, reloading.
[2026-05-01 11:56:01] INFO     django.utils.autoreload:681 | Watching for file changes with StatReloader
[2026-05-01 11:56:10] INFO     django.utils.autoreload:265 | C:\Users\mero\Desktop\Programmering\VSC\HF2-Ticket-system\HF2_Ticket_system\TS\views.py changed, reloading.
[2026-05-01 11:56:11] INFO     django.utils.autoreload:681 | Watching for file changes with StatReloader
[2026-05-01 11:56:19] INFO     django.server:249 | "GET /ticket/7/ HTTP/1.1" 200 12988
[2026-05-01 11:56:20] INFO     django.server:249 | "GET /static/TS/css/ticket_detail.css HTTP/1.1" 200 9316
[2026-05-01 11:56:20] INFO     django.server:249 | "GET /static/TS/css/role_toggle.css HTTP/1.1" 200 1369
[2026-05-01 11:56:20] WARNING  django.server:249 | "GET /favicon.ico HTTP/1.1" 404 5202
[2026-05-01 11:56:21] INFO     django.server:249 | "GET / HTTP/1.1" 200 10856
[2026-05-01 11:56:23] INFO     django.server:249 | "GET / HTTP/1.1" 200 10856
[2026-05-01 11:56:23] INFO     django.server:249 | "GET /static/TS/css/role_toggle.css HTTP/1.1" 200 1369
[2026-05-01 11:56:23] INFO     django.server:249 | "GET /static/TS/css/home.css HTTP/1.1" 200 7106
[2026-05-01 11:56:23] WARNING  django.server:249 | "GET /favicon.ico HTTP/1.1" 404 5202
[2026-05-01 11:56:25] INFO     django.server:249 | "GET /ticket/2/ HTTP/1.1" 200 13007
[2026-05-01 11:56:25] INFO     django.server:249 | "GET /static/TS/css/ticket_detail.css HTTP/1.1" 304 0
[2026-05-01 12:01:52] INFO     django.server:249 | "GET /ticket/2/ HTTP/1.1" 200 16252
[2026-05-01 12:01:52] INFO     django.server:249 | "GET /static/TS/css/ticket_detail.css HTTP/1.1" 200 9316
[2026-05-01 12:01:52] INFO     django.server:249 | "GET /static/TS/css/role_toggle.css HTTP/1.1" 200 1369
[2026-05-01 12:01:52] WARNING  django.server:249 | "GET /favicon.ico HTTP/1.1" 404 5202
[2026-05-01 12:02:01] INFO     django.utils.autoreload:681 | Watching for file changes with StatReloader
[2026-05-01 12:02:03] INFO     django.server:249 | "GET /ticket/2/ HTTP/1.1" 200 16252
[2026-05-01 12:02:03] INFO     django.server:249 | "GET /static/TS/css/role_toggle.css HTTP/1.1" 200 1369
[2026-05-01 12:02:03] INFO     django.server:249 | "GET /static/TS/css/ticket_detail.css HTTP/1.1" 200 9316
[2026-05-01 12:02:03] WARNING  django.server:249 | "GET /favicon.ico HTTP/1.1" 404 5202
[2026-05-01 12:02:04] INFO     django.server:249 | "GET / HTTP/1.1" 200 16192
[2026-05-01 12:02:04] INFO     django.server:249 | "GET /static/TS/css/home.css HTTP/1.1" 304 0
[2026-05-01 12:03:14] INFO     django.server:249 | "GET /ticket/16/ HTTP/1.1" 200 13985
[2026-05-01 12:03:14] INFO     django.server:249 | "GET /static/TS/css/ticket_detail.css HTTP/1.1" 304 0
[2026-05-01 12:03:17] INFO     django.server:249 | "GET / HTTP/1.1" 200 16192
[2026-05-01 12:03:17] INFO     django.server:249 | "GET /static/TS/css/home.css HTTP/1.1" 304 0
[2026-05-01 12:03:19] INFO     django.server:249 | "GET /ticket/2/ HTTP/1.1" 200 16252
[2026-05-01 12:03:23] INFO     django.server:249 | "GET / HTTP/1.1" 200 16192
[2026-05-01 12:04:15] INFO     django.utils.autoreload:681 | Watching for file changes with StatReloader
[2026-05-01 12:04:16] INFO     django.server:249 | "GET / HTTP/1.1" 200 10852
[2026-05-01 12:04:16] INFO     django.server:249 | "GET /static/TS/css/home.css HTTP/1.1" 304 0
[2026-05-01 12:04:16] WARNING  django.server:249 | "GET /favicon.ico HTTP/1.1" 404 5202
[2026-05-01 12:04:21] INFO     django.server:249 | "GET /ticket/1/ HTTP/1.1" 200 12951
[2026-05-01 12:04:21] INFO     django.server:249 | "GET /static/TS/css/ticket_detail.css HTTP/1.1" 304 0
[2026-05-01 12:04:23] INFO     django.server:249 | "GET / HTTP/1.1" 200 10852
[2026-05-01 12:04:26] INFO     django.server:249 | "GET /tech_knowledge/ HTTP/1.1" 200 15845
[2026-05-01 12:04:26] INFO     django.server:249 | "GET /static/TS/css/tech_knowledge.css HTTP/1.1" 304 0
[2026-05-01 12:04:35] INFO     django.server:249 | "GET /about/ HTTP/1.1" 200 2926
[2026-05-01 12:04:35] INFO     django.server:249 | "GET /static/TS/css/about.css HTTP/1.1" 304 0
[2026-05-01 12:04:36] INFO     django.server:249 | "GET /contact/ HTTP/1.1" 200 5470
[2026-05-01 12:04:36] INFO     django.server:249 | "GET /static/TS/css/contact.css HTTP/1.1" 304 0
[2026-05-01 12:04:36] INFO     django.server:249 | "GET /tech_knowledge/ HTTP/1.1" 200 15845
[2026-05-01 12:04:37] INFO     django.server:249 | "GET /create/ HTTP/1.1" 200 4810
[2026-05-01 12:04:37] INFO     django.server:249 | "GET /static/TS/css/create_ticket.css HTTP/1.1" 304 0
[2026-05-01 12:04:40] INFO     django.server:249 | "GET / HTTP/1.1" 200 10852
[2026-05-01 12:05:18] INFO     django.server:249 | "GET /?supporter_id=2 HTTP/1.1" 200 7082
[2026-05-01 12:05:19] INFO     django.server:249 | "GET /static/TS/css/home.css HTTP/1.1" 304 0
[2026-05-01 12:05:20] INFO     django.server:249 | "GET /?supporter_id=1 HTTP/1.1" 200 7051
[2026-05-01 12:05:21] INFO     django.server:249 | "GET /?supporter_id= HTTP/1.1" 200 10852
[2026-05-01 12:05:24] INFO     django.server:249 | "GET /?supporter_id=5 HTTP/1.1" 200 7047
[2026-05-01 12:05:25] INFO     django.server:249 | "GET /?supporter_id=2 HTTP/1.1" 200 7082
[2026-05-01 12:05:30] INFO     django.server:249 | "GET /?supporter_id= HTTP/1.1" 200 10852
[2026-05-01 12:05:36] INFO     django.server:249 | "GET /create/ HTTP/1.1" 200 4810
[2026-05-01 12:13:06] INFO     django.server:249 | "GET / HTTP/1.1" 200 10852
[2026-05-01 12:13:06] INFO     django.server:249 | "GET /static/TS/css/home.css HTTP/1.1" 304 0
