[2026-05-01 09:42:33] ERROR    django.request:249 | Internal Server Error: /toggle-role/
Traceback (most recent call last):
  File "C:\Users\mero\Desktop\Programmering\VSC\HF2-Ticket-system\HF2_Ticket_system\.venv\Lib\site-packages\django\db\backends\utils.py", line 105, in _execute
    return self.cursor.execute(sql, params)
           ~~~~~~~~~~~~~~~~~~~^^^^^^^^^^^^^
  File "C:\Users\mero\Desktop\Programmering\VSC\HF2-Ticket-system\HF2_Ticket_system\.venv\Lib\site-packages\mssql\base.py", line 731, in execute
    return self.cursor.execute(sql, params)
           ~~~~~~~~~~~~~~~~~~~^^^^^^^^^^^^^
pyodbc.ProgrammingError: ('42S02', "[42S02] [Microsoft][ODBC Driver 18 for SQL Server][SQL Server]Invalid object name 'django_session'. (208) (SQLExecDirectW); [42S02] [Microsoft][ODBC Driver 18 for SQL Server][SQL Server]Statement(s) could not be prepared. (8180)")

The above exception was the direct cause of the following exception:

Traceback (most recent call last):
  File "C:\Users\mero\Desktop\Programmering\VSC\HF2-Ticket-system\HF2_Ticket_system\.venv\Lib\site-packages\django\core\handlers\exception.py", line 55, in inner
    response = get_response(request)
  File "C:\Users\mero\Desktop\Programmering\VSC\HF2-Ticket-system\HF2_Ticket_system\.venv\Lib\site-packages\django\utils\deprecation.py", line 311, in __call__
    response = self.process_response(request, response)
  File "C:\Users\mero\Desktop\Programmering\VSC\HF2-Ticket-system\HF2_Ticket_system\.venv\Lib\site-packages\django\contrib\sessions\middleware.py", line 59, in process_response
    request.session.save()
    ~~~~~~~~~~~~~~~~~~~~^^
  File "C:\Users\mero\Desktop\Programmering\VSC\HF2-Ticket-system\HF2_Ticket_system\.venv\Lib\site-packages\django\contrib\sessions\backends\db.py", line 121, in save
    return self.create()
           ~~~~~~~~~~~^^
  File "C:\Users\mero\Desktop\Programmering\VSC\HF2-Ticket-system\HF2_Ticket_system\.venv\Lib\site-packages\django\contrib\sessions\backends\db.py", line 70, in create
    self._session_key = self._get_new_session_key()
                        ~~~~~~~~~~~~~~~~~~~~~~~~~^^
  File "C:\Users\mero\Desktop\Programmering\VSC\HF2-Ticket-system\HF2_Ticket_system\.venv\Lib\site-packages\django\contrib\sessions\backends\base.py", line 198, in _get_new_session_key
    if not self.exists(session_key):
           ~~~~~~~~~~~^^^^^^^^^^^^^
  File "C:\Users\mero\Desktop\Programmering\VSC\HF2-Ticket-system\HF2_Ticket_system\.venv\Lib\site-packages\django\contrib\sessions\backends\db.py", line 63, in exists
    return self.model.objects.filter(session_key=session_key).exists()
           ~~~~~~~~~~~~~~~~~~~~~~~~~~~~~~~~~~~~~~~~~~~~~~~~~~~~~~~~~^^
  File "C:\Users\mero\Desktop\Programmering\VSC\HF2-Ticket-system\HF2_Ticket_system\.venv\Lib\site-packages\django\db\models\query.py", line 1337, in exists
    return self.query.has_results(using=self.db)
           ~~~~~~~~~~~~~~~~~~~~~~^^^^^^^^^^^^^^^
  File "C:\Users\mero\Desktop\Programmering\VSC\HF2-Ticket-system\HF2_Ticket_system\.venv\Lib\site-packages\django\db\models\sql\query.py", line 686, in has_results
    return compiler.has_results()
           ~~~~~~~~~~~~~~~~~~~~^^
  File "C:\Users\mero\Desktop\Programmering\VSC\HF2-Ticket-system\HF2_Ticket_system\.venv\Lib\site-packages\django\db\models\sql\compiler.py", line 1592, in has_results
    return bool(self.execute_sql(SINGLE))
                ~~~~~~~~~~~~~~~~^^^^^^^^
  File "C:\Users\mero\Desktop\Programmering\VSC\HF2-Ticket-system\HF2_Ticket_system\.venv\Lib\site-packages\django\db\models\sql\compiler.py", line 1624, in execute_sql
    cursor.execute(sql, params)
    ~~~~~~~~~~~~~~^^^^^^^^^^^^^
  File "C:\Users\mero\Desktop\Programmering\VSC\HF2-Ticket-system\HF2_Ticket_system\.venv\Lib\site-packages\django\db\backends\utils.py", line 122, in execute
    return super().execute(sql, params)
           ~~~~~~~~~~~~~~~^^^^^^^^^^^^^
  File "C:\Users\mero\Desktop\Programmering\VSC\HF2-Ticket-system\HF2_Ticket_system\.venv\Lib\site-packages\django\db\backends\utils.py", line 79, in execute
    return self._execute_with_wrappers(
           ~~~~~~~~~~~~~~~~~~~~~~~~~~~^
        sql, params, many=False, executor=self._execute
        ^^^^^^^^^^^^^^^^^^^^^^^^^^^^^^^^^^^^^^^^^^^^^^^
    )
    ^
  File "C:\Users\mero\Desktop\Programmering\VSC\HF2-Ticket-system\HF2_Ticket_system\.venv\Lib\site-packages\django\db\backends\utils.py", line 92, in _execute_with_wrappers
    return executor(sql, params, many, context)
  File "C:\Users\mero\Desktop\Programmering\VSC\HF2-Ticket-system\HF2_Ticket_system\.venv\Lib\site-packages\django\db\backends\utils.py", line 100, in _execute
    with self.db.wrap_database_errors:
         ^^^^^^^^^^^^^^^^^^^^^^^^^^^^
  File "C:\Users\mero\Desktop\Programmering\VSC\HF2-Ticket-system\HF2_Ticket_system\.venv\Lib\site-packages\django\db\utils.py", line 94, in __exit__
    raise dj_exc_value.with_traceback(traceback) from exc_value
  File "C:\Users\mero\Desktop\Programmering\VSC\HF2-Ticket-system\HF2_Ticket_system\.venv\Lib\site-packages\django\db\backends\utils.py", line 105, in _execute
    return self.cursor.execute(sql, params)
           ~~~~~~~~~~~~~~~~~~~^^^^^^^^^^^^^
  File "C:\Users\mero\Desktop\Programmering\VSC\HF2-Ticket-system\HF2_Ticket_system\.venv\Lib\site-packages\mssql\base.py", line 731, in execute
    return self.cursor.execute(sql, params)
           ~~~~~~~~~~~~~~~~~~~^^^^^^^^^^^^^
django.db.utils.ProgrammingError: ('42S02', "[42S02] [Microsoft][ODBC Driver 18 for SQL Server][SQL Server]Invalid object name 'django_session'. (208) (SQLExecDirectW); [42S02] [Microsoft][ODBC Driver 18 for SQL Server][SQL Server]Statement(s) could not be prepared. (8180)")
[2026-05-01 09:42:33] ERROR    django.server:249 | "POST /toggle-role/ HTTP/1.1" 500 154947
[2026-05-01 09:44:51] ERROR    django.request:249 | Internal Server Error: /toggle-role/
Traceback (most recent call last):
  File "C:\Users\mero\Desktop\Programmering\VSC\HF2-Ticket-system\HF2_Ticket_system\.venv\Lib\site-packages\django\db\backends\utils.py", line 105, in _execute
    return self.cursor.execute(sql, params)
           ~~~~~~~~~~~~~~~~~~~^^^^^^^^^^^^^
  File "C:\Users\mero\Desktop\Programmering\VSC\HF2-Ticket-system\HF2_Ticket_system\.venv\Lib\site-packages\mssql\base.py", line 731, in execute
    return self.cursor.execute(sql, params)
           ~~~~~~~~~~~~~~~~~~~^^^^^^^^^^^^^
pyodbc.ProgrammingError: ('42S02', "[42S02] [Microsoft][ODBC Driver 17 for SQL Server][SQL Server]Invalid object name 'django_session'. (208) (SQLExecDirectW); [42S02] [Microsoft][ODBC Driver 17 for SQL Server][SQL Server]Statement(s) could not be prepared. (8180)")

The above exception was the direct cause of the following exception:

Traceback (most recent call last):
  File "C:\Users\mero\Desktop\Programmering\VSC\HF2-Ticket-system\HF2_Ticket_system\.venv\Lib\site-packages\django\core\handlers\exception.py", line 55, in inner
    response = get_response(request)
  File "C:\Users\mero\Desktop\Programmering\VSC\HF2-Ticket-system\HF2_Ticket_system\.venv\Lib\site-packages\django\utils\deprecation.py", line 311, in __call__
    response = self.process_response(request, response)
  File "C:\Users\mero\Desktop\Programmering\VSC\HF2-Ticket-system\HF2_Ticket_system\.venv\Lib\site-packages\django\contrib\sessions\middleware.py", line 59, in process_response
    request.session.save()
    ~~~~~~~~~~~~~~~~~~~~^^
  File "C:\Users\mero\Desktop\Programmering\VSC\HF2-Ticket-system\HF2_Ticket_system\.venv\Lib\site-packages\django\contrib\sessions\backends\db.py", line 121, in save
    return self.create()
           ~~~~~~~~~~~^^
  File "C:\Users\mero\Desktop\Programmering\VSC\HF2-Ticket-system\HF2_Ticket_system\.venv\Lib\site-packages\django\contrib\sessions\backends\db.py", line 70, in create
    self._session_key = self._get_new_session_key()
                        ~~~~~~~~~~~~~~~~~~~~~~~~~^^
  File "C:\Users\mero\Desktop\Programmering\VSC\HF2-Ticket-system\HF2_Ticket_system\.venv\Lib\site-packages\django\contrib\sessions\backends\base.py", line 198, in _get_new_session_key
    if not self.exists(session_key):
           ~~~~~~~~~~~^^^^^^^^^^^^^
  File "C:\Users\mero\Desktop\Programmering\VSC\HF2-Ticket-system\HF2_Ticket_system\.venv\Lib\site-packages\django\contrib\sessions\backends\db.py", line 63, in exists
    return self.model.objects.filter(session_key=session_key).exists()
           ~~~~~~~~~~~~~~~~~~~~~~~~~~~~~~~~~~~~~~~~~~~~~~~~~~~~~~~~~^^
  File "C:\Users\mero\Desktop\Programmering\VSC\HF2-Ticket-system\HF2_Ticket_system\.venv\Lib\site-packages\django\db\models\query.py", line 1337, in exists
    return self.query.has_results(using=self.db)
           ~~~~~~~~~~~~~~~~~~~~~~^^^^^^^^^^^^^^^
  File "C:\Users\mero\Desktop\Programmering\VSC\HF2-Ticket-system\HF2_Ticket_system\.venv\Lib\site-packages\django\db\models\sql\query.py", line 686, in has_results
    return compiler.has_results()
           ~~~~~~~~~~~~~~~~~~~~^^
  File "C:\Users\mero\Desktop\Programmering\VSC\HF2-Ticket-system\HF2_Ticket_system\.venv\Lib\site-packages\django\db\models\sql\compiler.py", line 1592, in has_results
    return bool(self.execute_sql(SINGLE))
                ~~~~~~~~~~~~~~~~^^^^^^^^
  File "C:\Users\mero\Desktop\Programmering\VSC\HF2-Ticket-system\HF2_Ticket_system\.venv\Lib\site-packages\django\db\models\sql\compiler.py", line 1624, in execute_sql
    cursor.execute(sql, params)
    ~~~~~~~~~~~~~~^^^^^^^^^^^^^
  File "C:\Users\mero\Desktop\Programmering\VSC\HF2-Ticket-system\HF2_Ticket_system\.venv\Lib\site-packages\django\db\backends\utils.py", line 122, in execute
    return super().execute(sql, params)
           ~~~~~~~~~~~~~~~^^^^^^^^^^^^^
  File "C:\Users\mero\Desktop\Programmering\VSC\HF2-Ticket-system\HF2_Ticket_system\.venv\Lib\site-packages\django\db\backends\utils.py", line 79, in execute
    return self._execute_with_wrappers(
           ~~~~~~~~~~~~~~~~~~~~~~~~~~~^
        sql, params, many=False, executor=self._execute
        ^^^^^^^^^^^^^^^^^^^^^^^^^^^^^^^^^^^^^^^^^^^^^^^
    )
    ^
  File "C:\Users\mero\Desktop\Programmering\VSC\HF2-Ticket-system\HF2_Ticket_system\.venv\Lib\site-packages\django\db\backends\utils.py", line 92, in _execute_with_wrappers
    return executor(sql, params, many, context)
  File "C:\Users\mero\Desktop\Programmering\VSC\HF2-Ticket-system\HF2_Ticket_system\.venv\Lib\site-packages\django\db\backends\utils.py", line 100, in _execute
    with self.db.wrap_database_errors:
         ^^^^^^^^^^^^^^^^^^^^^^^^^^^^
  File "C:\Users\mero\Desktop\Programmering\VSC\HF2-Ticket-system\HF2_Ticket_system\.venv\Lib\site-packages\django\db\utils.py", line 94, in __exit__
    raise dj_exc_value.with_traceback(traceback) from exc_value
  File "C:\Users\mero\Desktop\Programmering\VSC\HF2-Ticket-system\HF2_Ticket_system\.venv\Lib\site-packages\django\db\backends\utils.py", line 105, in _execute
    return self.cursor.execute(sql, params)
           ~~~~~~~~~~~~~~~~~~~^^^^^^^^^^^^^
  File "C:\Users\mero\Desktop\Programmering\VSC\HF2-Ticket-system\HF2_Ticket_system\.venv\Lib\site-packages\mssql\base.py", line 731, in execute
    return self.cursor.execute(sql, params)
           ~~~~~~~~~~~~~~~~~~~^^^^^^^^^^^^^
django.db.utils.ProgrammingError: ('42S02', "[42S02] [Microsoft][ODBC Driver 17 for SQL Server][SQL Server]Invalid object name 'django_session'. (208) (SQLExecDirectW); [42S02] [Microsoft][ODBC Driver 17 for SQL Server][SQL Server]Statement(s) could not be prepared. (8180)")
[2026-05-01 09:44:51] ERROR    django.server:249 | "POST /toggle-role/ HTTP/1.1" 500 154947
[2026-05-01 09:44:55] ERROR    django.request:249 | Internal Server Error: /toggle-role/
Traceback (most recent call last):
  File "C:\Users\mero\Desktop\Programmering\VSC\HF2-Ticket-system\HF2_Ticket_system\.venv\Lib\site-packages\django\db\backends\utils.py", line 105, in _execute
    return self.cursor.execute(sql, params)
           ~~~~~~~~~~~~~~~~~~~^^^^^^^^^^^^^
  File "C:\Users\mero\Desktop\Programmering\VSC\HF2-Ticket-system\HF2_Ticket_system\.venv\Lib\site-packages\mssql\base.py", line 731, in execute
    return self.cursor.execute(sql, params)
           ~~~~~~~~~~~~~~~~~~~^^^^^^^^^^^^^
pyodbc.ProgrammingError: ('42S02', "[42S02] [Microsoft][ODBC Driver 17 for SQL Server][SQL Server]Invalid object name 'django_session'. (208) (SQLExecDirectW); [42S02] [Microsoft][ODBC Driver 17 for SQL Server][SQL Server]Statement(s) could not be prepared. (8180)")

The above exception was the direct cause of the following exception:

Traceback (most recent call last):
  File "C:\Users\mero\Desktop\Programmering\VSC\HF2-Ticket-system\HF2_Ticket_system\.venv\Lib\site-packages\django\core\handlers\exception.py", line 55, in inner
    response = get_response(request)
  File "C:\Users\mero\Desktop\Programmering\VSC\HF2-Ticket-system\HF2_Ticket_system\.venv\Lib\site-packages\django\utils\deprecation.py", line 311, in __call__
    response = self.process_response(request, response)
  File "C:\Users\mero\Desktop\Programmering\VSC\HF2-Ticket-system\HF2_Ticket_system\.venv\Lib\site-packages\django\contrib\sessions\middleware.py", line 59, in process_response
    request.session.save()
    ~~~~~~~~~~~~~~~~~~~~^^
  File "C:\Users\mero\Desktop\Programmering\VSC\HF2-Ticket-system\HF2_Ticket_system\.venv\Lib\site-packages\django\contrib\sessions\backends\db.py", line 121, in save
    return self.create()
           ~~~~~~~~~~~^^
  File "C:\Users\mero\Desktop\Programmering\VSC\HF2-Ticket-system\HF2_Ticket_system\.venv\Lib\site-packages\django\contrib\sessions\backends\db.py", line 70, in create
    self._session_key = self._get_new_session_key()
                        ~~~~~~~~~~~~~~~~~~~~~~~~~^^
  File "C:\Users\mero\Desktop\Programmering\VSC\HF2-Ticket-system\HF2_Ticket_system\.venv\Lib\site-packages\django\contrib\sessions\backends\base.py", line 198, in _get_new_session_key
    if not self.exists(session_key):
           ~~~~~~~~~~~^^^^^^^^^^^^^
  File "C:\Users\mero\Desktop\Programmering\VSC\HF2-Ticket-system\HF2_Ticket_system\.venv\Lib\site-packages\django\contrib\sessions\backends\db.py", line 63, in exists
    return self.model.objects.filter(session_key=session_key).exists()
           ~~~~~~~~~~~~~~~~~~~~~~~~~~~~~~~~~~~~~~~~~~~~~~~~~~~~~~~~~^^
  File "C:\Users\mero\Desktop\Programmering\VSC\HF2-Ticket-system\HF2_Ticket_system\.venv\Lib\site-packages\django\db\models\query.py", line 1337, in exists
    return self.query.has_results(using=self.db)
           ~~~~~~~~~~~~~~~~~~~~~~^^^^^^^^^^^^^^^
  File "C:\Users\mero\Desktop\Programmering\VSC\HF2-Ticket-system\HF2_Ticket_system\.venv\Lib\site-packages\django\db\models\sql\query.py", line 686, in has_results
    return compiler.has_results()
           ~~~~~~~~~~~~~~~~~~~~^^
  File "C:\Users\mero\Desktop\Programmering\VSC\HF2-Ticket-system\HF2_Ticket_system\.venv\Lib\site-packages\django\db\models\sql\compiler.py", line 1592, in has_results
    return bool(self.execute_sql(SINGLE))
                ~~~~~~~~~~~~~~~~^^^^^^^^
  File "C:\Users\mero\Desktop\Programmering\VSC\HF2-Ticket-system\HF2_Ticket_system\.venv\Lib\site-packages\django\db\models\sql\compiler.py", line 1624, in execute_sql
    cursor.execute(sql, params)
    ~~~~~~~~~~~~~~^^^^^^^^^^^^^
  File "C:\Users\mero\Desktop\Programmering\VSC\HF2-Ticket-system\HF2_Ticket_system\.venv\Lib\site-packages\django\db\backends\utils.py", line 122, in execute
    return super().execute(sql, params)
           ~~~~~~~~~~~~~~~^^^^^^^^^^^^^
  File "C:\Users\mero\Desktop\Programmering\VSC\HF2-Ticket-system\HF2_Ticket_system\.venv\Lib\site-packages\django\db\backends\utils.py", line 79, in execute
    return self._execute_with_wrappers(
           ~~~~~~~~~~~~~~~~~~~~~~~~~~~^
        sql, params, many=False, executor=self._execute
        ^^^^^^^^^^^^^^^^^^^^^^^^^^^^^^^^^^^^^^^^^^^^^^^
    )
    ^
  File "C:\Users\mero\Desktop\Programmering\VSC\HF2-Ticket-system\HF2_Ticket_system\.venv\Lib\site-packages\django\db\backends\utils.py", line 92, in _execute_with_wrappers
    return executor(sql, params, many, context)
  File "C:\Users\mero\Desktop\Programmering\VSC\HF2-Ticket-system\HF2_Ticket_system\.venv\Lib\site-packages\django\db\backends\utils.py", line 100, in _execute
    with self.db.wrap_database_errors:
         ^^^^^^^^^^^^^^^^^^^^^^^^^^^^
  File "C:\Users\mero\Desktop\Programmering\VSC\HF2-Ticket-system\HF2_Ticket_system\.venv\Lib\site-packages\django\db\utils.py", line 94, in __exit__
    raise dj_exc_value.with_traceback(traceback) from exc_value
  File "C:\Users\mero\Desktop\Programmering\VSC\HF2-Ticket-system\HF2_Ticket_system\.venv\Lib\site-packages\django\db\backends\utils.py", line 105, in _execute
    return self.cursor.execute(sql, params)
           ~~~~~~~~~~~~~~~~~~~^^^^^^^^^^^^^
  File "C:\Users\mero\Desktop\Programmering\VSC\HF2-Ticket-system\HF2_Ticket_system\.venv\Lib\site-packages\mssql\base.py", line 731, in execute
    return self.cursor.execute(sql, params)
           ~~~~~~~~~~~~~~~~~~~^^^^^^^^^^^^^
django.db.utils.ProgrammingError: ('42S02', "[42S02] [Microsoft][ODBC Driver 17 for SQL Server][SQL Server]Invalid object name 'django_session'. (208) (SQLExecDirectW); [42S02] [Microsoft][ODBC Driver 17 for SQL Server][SQL Server]Statement(s) could not be prepared. (8180)")
[2026-05-01 09:44:55] ERROR    django.server:249 | "POST /toggle-role/ HTTP/1.1" 500 155075
